Arguments: 
  /usr/local/bin/node /Users/mlk1/.yarn/bin/yarn.js init

PATH: 
  /Users/mlk1/.yarn/bin:/Users/mlk1/.config/yarn/global/node_modules/.bin:/Applications/Postgres.app/Contents/Versions/latest/bin:/Users/mlk1/bin:/usr/local/bin:/Applications/Postgres.app/Contents/Versions/latest/bin:/Users/mlk1/mongodb/bin:/usr/bin:/bin:/usr/sbin:/sbin

Yarn version: 
  1.22.0

Node version: 
  12.12.0

Platform: 
  darwin x64

Trace: 
  Error: canceled
      at Interface.<anonymous> (/Users/mlk1/.yarn/lib/cli.js:136987:13)
      at Interface.emit (events.js:210:5)
      at Interface._ttyWrite (readline.js:887:16)
      at ReadStream.onkeypress (readline.js:191:10)
      at ReadStream.emit (events.js:210:5)
      at emitKeys (internal/readline/utils.js:433:14)
      at emitKeys.next (<anonymous>)
      at ReadStream.onData (readline.js:1153:36)
      at ReadStream.emit (events.js:210:5)
      at addChunk (_stream_readable.js:308:12)

npm manifest: 
  No manifest

yarn manifest: 
  No manifest

Lockfile: 
  No lockfile
